<?xml version="1.0" encoding="UTF-8"?>
<!-- Generated by org.testng.reporters.JUnitReportReporter -->
<testsuite skipped="0" hostname="DESKTOP-BN396F1" name="employee.TestEmployee" tests="1" failures="0" timestamp="2022-03-21T21:22:58 GST" time="2.862" errors="0">
  <testcase name="test002" time="2.862" classname="employee.TestEmployee"/>
  <system-out/>
</testsuite> <!-- employee.TestEmployee -->
