<?xml version="1.0" encoding="UTF-8"?>
<!-- Generated by org.testng.reporters.JUnitReportReporter -->
<testsuite skipped="0" hostname="DESKTOP-BN396F1" name="employees.TestEmployees" tests="1" failures="0" timestamp="2022-03-21T21:13:02 GST" time="8.067" errors="0">
  <testcase name="test001" time="8.067" classname="employees.TestEmployees"/>
  <system-out/>
</testsuite> <!-- employees.TestEmployees -->
