<?xml version="1.0" encoding="UTF-8"?>
<!-- Generated by org.testng.reporters.JUnitReportReporter -->
<testsuite skipped="0" hostname="DESKTOP-BN396F1" name="employees.TestEmployees" tests="1" failures="0" timestamp="2022-03-21T21:22:58 GST" time="6.309" errors="0">
  <testcase name="test001" time="6.309" classname="employees.TestEmployees"/>
  <system-out/>
</testsuite> <!-- employees.TestEmployees -->
